<?xml version="1.0" encoding="UTF-8"?>
<!-- Generated by org.testng.reporters.JUnitXMLReporter -->
<testsuite hostname="BDC3-LX-6440BKD" ignored="0" name="Default test" tests="5" failures="0" timestamp="13 Sep 2018 12:47:45 GMT" time="59.578" errors="0">
  <testcase name="Gocopage1" time="12.013" classname="Test2.Gocomparej"/>
  <testcase name="Gocopage2" time="7.785" classname="Test2.Gocomparej"/>
  <testcase name="Gocopage3" time="5.912" classname="Test2.Gocomparej"/>
  <testcase name="Gocompare4" time="6.912" classname="Test2.Gocomparej"/>
  <testcase name="Gocompare5" time="6.544" classname="Test2.Gocomparej"/>
</testsuite> <!-- Default test -->
