<?xml version="1.0" encoding="UTF-8"?>
<testng-results skipped="0" failed="0" ignored="0" total="5" passed="5">
  <reporter-output>
  </reporter-output>
  <suite name="Default suite" duration-ms="59578" started-at="2018-09-13T12:46:45Z" finished-at="2018-09-13T12:47:44Z">
    <groups>
    </groups>
    <test name="Default test" duration-ms="59578" started-at="2018-09-13T12:46:45Z" finished-at="2018-09-13T12:47:44Z">
      <class name="Test2.Gocomparej">
        <test-method status="PASS" signature="Preequisite()[pri:0, instance:Test2.Gocomparej@4501b7af]" name="Preequisite" is-config="true" duration-ms="20317" started-at="2018-09-13T12:46:45Z" finished-at="2018-09-13T12:47:05Z">
          <reporter-output>
          </reporter-output>
        </test-method> <!-- Preequisite -->
        <test-method status="PASS" signature="Gocopage1()[pri:1, instance:Test2.Gocomparej@4501b7af]" name="Gocopage1" duration-ms="12013" started-at="2018-09-13T12:47:05Z" finished-at="2018-09-13T12:47:17Z">
          <reporter-output>
          </reporter-output>
        </test-method> <!-- Gocopage1 -->
        <test-method status="PASS" signature="Gocopage2()[pri:2, instance:Test2.Gocomparej@4501b7af]" name="Gocopage2" duration-ms="7785" started-at="2018-09-13T12:47:17Z" finished-at="2018-09-13T12:47:25Z">
          <reporter-output>
          </reporter-output>
        </test-method> <!-- Gocopage2 -->
        <test-method status="PASS" signature="Gocopage3()[pri:3, instance:Test2.Gocomparej@4501b7af]" name="Gocopage3" duration-ms="5912" started-at="2018-09-13T12:47:25Z" finished-at="2018-09-13T12:47:31Z">
          <reporter-output>
          </reporter-output>
        </test-method> <!-- Gocopage3 -->
        <test-method status="PASS" signature="Gocompare4()[pri:4, instance:Test2.Gocomparej@4501b7af]" name="Gocompare4" duration-ms="6912" started-at="2018-09-13T12:47:31Z" finished-at="2018-09-13T12:47:38Z">
          <reporter-output>
          </reporter-output>
        </test-method> <!-- Gocompare4 -->
        <test-method status="PASS" signature="Gocompare5()[pri:5, instance:Test2.Gocomparej@4501b7af]" name="Gocompare5" duration-ms="6544" started-at="2018-09-13T12:47:38Z" finished-at="2018-09-13T12:47:44Z">
          <reporter-output>
          </reporter-output>
        </test-method> <!-- Gocompare5 -->
      </class> <!-- Test2.Gocomparej -->
    </test> <!-- Default test -->
  </suite> <!-- Default suite -->
</testng-results>
