<?xml version="1.0" encoding="UTF-8"?>
<!-- Generated by org.testng.reporters.JUnitXMLReporter -->
<testsuite hostname="BDC3-LX-6440BKD" ignored="0" name="Test 1" tests="2" failures="0" timestamp="07 Aug 2018 05:04:38 GMT" time="0.179" errors="0">
  <testcase name="@BeforeTest beforeMethod" time="0.067" classname="Test2.Day4test1">
    <failure type="java.lang.NullPointerException">
      <![CDATA[java.lang.NullPointerException
at Test2.Day4test1.beforeMethod(Day4test1.java:22)
... Removed 24 stack frames]]>
    </failure>
  </testcase> <!-- @BeforeTest beforeMethod -->
  <testcase name="@AfterTest aftermethod" time="0.0" classname="Test2.Day4test1">
    <skipped/>
  </testcase> <!-- @AfterTest aftermethod -->
  <testcase name="TestnewTour" time="0.0" classname="Test2.Day4test1">
    <skipped/>
  </testcase> <!-- TestnewTour -->
  <testcase name="TestnewTour" time="0.0" classname="Test2.Day4test1">
    <skipped/>
  </testcase> <!-- TestnewTour -->
</testsuite> <!-- Test 1 -->
