<?xml version="1.0" encoding="UTF-8"?>
<!-- Generated by org.testng.reporters.JUnitXMLReporter -->
<testsuite hostname="BDC3-LX-6440BKD" ignored="0" name="Test1" tests="2" failures="1" timestamp="08 Aug 2018 05:58:41 GMT" time="29.288" errors="0">
  <testcase name="TestnewTour" time="12.571" classname="Test2.Importingdatafrompackage"/>
  <testcase name="TestnewTour" time="2.238" classname="Test2.Importingdatafrompackage">
    <failure type="java.lang.AssertionError" message="expected [true] but found [false]">
      <![CDATA[java.lang.AssertionError: expected [true] but found [false]
at Test2.Importingdatafrompackage.TestnewTour(Importingdatafrompackage.java:42)
... Removed 29 stack frames]]>
    </failure>
  </testcase> <!-- TestnewTour -->
</testsuite> <!-- Test1 -->
